### Starting TaskPrologue of job 1514385 on tg097 at Tue Jan 20 03:04:58 PM CET 2026
Running on cores 0-7,40-63 with governor ondemand
Tue Jan 20 15:04:58 2026       
+-----------------------------------------------------------------------------------------+
| NVIDIA-SMI 580.105.08             Driver Version: 580.105.08     CUDA Version: 13.0     |
+-----------------------------------------+------------------------+----------------------+
| GPU  Name                 Persistence-M | Bus-Id          Disp.A | Volatile Uncorr. ECC |
| Fan  Temp   Perf          Pwr:Usage/Cap |           Memory-Usage | GPU-Util  Compute M. |
|                                         |                        |               MIG M. |
|=========================================+========================+======================|
|   0  NVIDIA A100-SXM4-40GB          On  |   00000000:01:00.0 Off |                    0 |
| N/A   39C    P0             54W /  400W |       0MiB /  40960MiB |      0%      Default |
|                                         |                        |             Disabled |
+-----------------------------------------+------------------------+----------------------+

+-----------------------------------------------------------------------------------------+
| Processes:                                                                              |
|  GPU   GI   CI              PID   Type   Process name                        GPU Memory |
|        ID   ID                                                               Usage      |
|=========================================================================================|
|  No running processes found                                                             |
+-----------------------------------------------------------------------------------------+
### Finished TaskPrologue

Job started on Tue Jan 20 03:04:58 PM CET 2026
Running on node: tg097
Job ID: 1514385
Working directory: /home/hpc/dsaa/dsaa102h/HYCO-PhiFlow
Loading modules...
Loaded modules:
Currently Loaded Modulefiles:
 1) python/3.12-conda(default)  

Key:
(symbolic-version)  
Python version:
Python 3.12.12
PyTorch version:
PyTorch: 2.9.1+cu130
CUDA available: True
CUDA version: 13.0
GPU information:
Tue Jan 20 15:05:17 2026       
+-----------------------------------------------------------------------------------------+
| NVIDIA-SMI 580.105.08             Driver Version: 580.105.08     CUDA Version: 13.0     |
+-----------------------------------------+------------------------+----------------------+
| GPU  Name                 Persistence-M | Bus-Id          Disp.A | Volatile Uncorr. ECC |
| Fan  Temp   Perf          Pwr:Usage/Cap |           Memory-Usage | GPU-Util  Compute M. |
|                                         |                        |               MIG M. |
|=========================================+========================+======================|
|   0  NVIDIA A100-SXM4-40GB          On  |   00000000:01:00.0 Off |                    0 |
| N/A   39C    P0             54W /  400W |       0MiB /  40960MiB |      0%      Default |
|                                         |                        |             Disabled |
+-----------------------------------------+------------------------+----------------------+

+-----------------------------------------------------------------------------------------+
| Processes:                                                                              |
|  GPU   GI   CI              PID   Type   Process name                        GPU Memory |
|        ID   ID                                                               Usage      |
|=========================================================================================|
|  No running processes found                                                             |
+-----------------------------------------------------------------------------------------+
System information:
Available memory: 503Gi
Available disk space: 22T
[Setup] Clearing previous results and checkpoints...
  Cleanup complete.

==============================================
  Navier-Stokes 2d Comparison Experiment
==============================================

Note: Synthetic-only training uses 'standalone_epochs' from config
      which equals: epochs * (cycles + warmup) for fair comparison

[Step 0/4] Checking/generating data...
  Data already exists, skipping generation.

[Step 1/4] Training SYNTHETIC model on real data...
[hyco_phiflow] [32mINFO[0m: Starting HYCO-PhiFlow with tasks: ['train']
[hyco_phiflow] [32mINFO[0m: Experiment: navier_stokes_2d_synthetic_only
[hyco_phiflow] [32mINFO[0m: === Starting task: train ===
[hyco_phiflow] [32mINFO[0m: Running training
[hyco_phiflow] [32mINFO[0m: Creating PhiML dataset...
[hyco_phiflow] [32mINFO[0m: Creating trainer with 3 channels...
[2026-01-20 15:05:32,587][UNet][INFO] - Initializing UNet: 3 dynamic, 0 static channels
[2026-01-20 15:05:32,587][UNet][INFO] - Input noise enabled: type=gaussian, scale=0.01 (training only)
[2026-01-20 15:05:32,824][UNet][INFO] - Created U-Net: levels=4, filters=128, spatial_dims=2
[synthetic.trainer] [32mINFO[0m: Rollout scheduler: 1 -> 8 (exponential)
[synthetic.trainer] [32mINFO[0m: SyntheticTrainer ready: lr=0.0001, scheduler=cosine
[hyco_phiflow] [32mINFO[0m: Starting training for 40000 epochs...
[synthetic.trainer] [32mINFO[0m: Spatial mask initialized: 25.0% visible
[hyco_phiflow] [32mINFO[0m: === Completed task: train ===
[hyco_phiflow] [32mINFO[0m: All tasks completed successfully
  Synthetic-only model saved to results/models/navier_stokes_synthetic_only_2d_fullres.pth

[Step 2/4] Training PHYSICAL model on real data...
[hyco_phiflow] [32mINFO[0m: Starting HYCO-PhiFlow with tasks: ['train']
[hyco_phiflow] [32mINFO[0m: Experiment: navier_stokes_2d_physical_only
[hyco_phiflow] [32mINFO[0m: === Starting task: train ===
[hyco_phiflow] [32mINFO[0m: Running training
[hyco_phiflow] [32mINFO[0m: Creating PhiML dataset...
[hyco_phiflow] [32mINFO[0m: Creating physical trainer...
[hyco_phiflow] [32mINFO[0m: Starting training for 180 epochs with batch_size=32...
[physical.trainer] [32mINFO[0m: Spatial mask initialized: 25.0% visible
[physical.trainer] [33mWARNING[0m: Optimization diverged, skipping batch
[physical.trainer] [33mWARNING[0m: Optimization diverged, skipping batch
[physical.trainer] [33mWARNING[0m: Optimization diverged, skipping batch
[physical.trainer] [33mWARNING[0m: Optimization diverged, skipping batch
[physical.trainer] [33mWARNING[0m: Optimization diverged, skipping batch
[physical.trainer] [33mWARNING[0m: Optimization diverged, skipping batch
[physical.trainer] [33mWARNING[0m: Optimization diverged, skipping batch
[physical.trainer] [33mWARNING[0m: Optimization diverged, skipping batch
[physical.trainer] [33mWARNING[0m: Optimization diverged, skipping batch
[physical.trainer] [33mWARNING[0m: Optimization diverged, skipping batch
[physical.trainer] [33mWARNING[0m: Optimization diverged, skipping batch
[physical.trainer] [33mWARNING[0m: Optimization diverged, skipping batch
[physical.trainer] [33mWARNING[0m: Optimization diverged, skipping batch
[physical.trainer] [33mWARNING[0m: Optimization diverged, skipping batch
[physical.trainer] [33mWARNING[0m: Optimization diverged, skipping batch
[physical.trainer] [33mWARNING[0m: Optimization diverged, skipping batch
[physical.trainer] [33mWARNING[0m: Optimization diverged, skipping batch
[physical.trainer] [33mWARNING[0m: Optimization diverged, skipping batch
[physical.trainer] [33mWARNING[0m: Optimization diverged, skipping batch
[physical.trainer] [33mWARNING[0m: Optimization diverged, skipping batch
[physical.trainer] [33mWARNING[0m: Optimization diverged, skipping batch
[physical.trainer] [33mWARNING[0m: Optimization diverged, skipping batch
[physical.trainer] [33mWARNING[0m: Optimization diverged, skipping batch
[physical.trainer] [33mWARNING[0m: Optimization diverged, skipping batch
[physical.trainer] [33mWARNING[0m: Optimization diverged, skipping batch
[physical.trainer] [33mWARNING[0m: Optimization diverged, skipping batch
[physical.trainer] [33mWARNING[0m: Optimization diverged, skipping batch
[physical.trainer] [33mWARNING[0m: Optimization diverged, skipping batch
[physical.trainer] [33mWARNING[0m: Optimization diverged, skipping batch
[physical.trainer] [33mWARNING[0m: Optimization diverged, skipping batch
[physical.trainer] [33mWARNING[0m: Optimization diverged, skipping batch
[physical.trainer] [33mWARNING[0m: Optimization diverged, skipping batch
[physical.trainer] [33mWARNING[0m: Optimization diverged, skipping batch
[physical.trainer] [33mWARNING[0m: Optimization diverged, skipping batch
[physical.trainer] [33mWARNING[0m: Optimization diverged, skipping batch
[physical.trainer] [33mWARNING[0m: Optimization diverged, skipping batch
[physical.trainer] [33mWARNING[0m: Optimization diverged, skipping batch
[physical.trainer] [33mWARNING[0m: Optimization diverged, skipping batch
[physical.trainer] [33mWARNING[0m: Optimization diverged, skipping batch
[physical.trainer] [33mWARNING[0m: Optimization diverged, skipping batch
[physical.trainer] [33mWARNING[0m: Optimization diverged, skipping batch
[physical.trainer] [33mWARNING[0m: Optimization diverged, skipping batch
[physical.trainer] [33mWARNING[0m: Optimization diverged, skipping batch
[physical.trainer] [33mWARNING[0m: Optimization diverged, skipping batch
[physical.trainer] [33mWARNING[0m: Optimization diverged, skipping batch
[physical.trainer] [33mWARNING[0m: Optimization diverged, skipping batch
[physical.trainer] [33mWARNING[0m: Optimization diverged, skipping batch
[physical.trainer] [33mWARNING[0m: Optimization diverged, skipping batch
[physical.trainer] [33mWARNING[0m: Optimization diverged, skipping batch
[physical.trainer] [33mWARNING[0m: Optimization diverged, skipping batch
[physical.trainer] [33mWARNING[0m: Optimization diverged, skipping batch
[physical.trainer] [33mWARNING[0m: Optimization diverged, skipping batch
[physical.trainer] [33mWARNING[0m: Optimization diverged, skipping batch
[physical.trainer] [33mWARNING[0m: Optimization diverged, skipping batch
[physical.trainer] [33mWARNING[0m: Optimization diverged, skipping batch
[physical.trainer] [33mWARNING[0m: Optimization diverged, skipping batch
[physical.trainer] [33mWARNING[0m: Optimization diverged, skipping batch
[physical.trainer] [33mWARNING[0m: Optimization diverged, skipping batch
[physical.trainer] [33mWARNING[0m: Optimization diverged, skipping batch
[physical.trainer] [33mWARNING[0m: Optimization diverged, skipping batch
[physical.trainer] [33mWARNING[0m: Optimization diverged, skipping batch
[physical.trainer] [33mWARNING[0m: Optimization diverged, skipping batch
[physical.trainer] [33mWARNING[0m: Optimization diverged, skipping batch
[physical.trainer] [33mWARNING[0m: Optimization diverged, skipping batch
[physical.trainer] [33mWARNING[0m: Optimization diverged, skipping batch
[physical.trainer] [33mWARNING[0m: Optimization diverged, skipping batch
[physical.trainer] [33mWARNING[0m: Optimization diverged, skipping batch
[physical.trainer] [33mWARNING[0m: Optimization diverged, skipping batch
[physical.trainer] [33mWARNING[0m: Optimization diverged, skipping batch
[physical.trainer] [33mWARNING[0m: Optimization diverged, skipping batch
[physical.trainer] [33mWARNING[0m: Optimization diverged, skipping batch
[physical.trainer] [33mWARNING[0m: Optimization diverged, skipping batch
[physical.trainer] [33mWARNING[0m: Optimization diverged, skipping batch
[physical.trainer] [33mWARNING[0m: Optimization diverged, skipping batch
[physical.trainer] [33mWARNING[0m: Optimization diverged, skipping batch
[physical.trainer] [33mWARNING[0m: Optimization diverged, skipping batch
[physical.trainer] [33mWARNING[0m: Optimization diverged, skipping batch
=== JOB_STATISTICS ===
=== current date     : Wed Jan 21 03:05:23 PM CET 2026
= Job-ID             : 1514385 on tinygpu
= Job-Name           : navier_stokes_2d
= Job-Command        : /home/hpc/dsaa/dsaa102h/HYCO-PhiFlow/navier_stokes_experiment_2d.sh
= Initial workdir    : /home/hpc/dsaa/dsaa102h/HYCO-PhiFlow
= Queue/Partition    : a100
= Slurm account      : dsaa with QOS=normal
= Requested resources:  for 1-00:00:00
= Elapsed runtime    : 1-00:00:23
= Total RAM usage    : 1.7 GiB of requested  GiB (%)   
= Node list          : tg097
= Subm/Elig/Start/End: 2026-01-20T14:11:06 / 2026-01-20T14:11:06 / 2026-01-20T15:04:57 / 2026-01-21T15:05:20
======================
=== Quota infos ======
    Path                 Used     SoftQ    HardQ    Gracetime  Filec    FileQ    FiHaQ    FileGrace    
    /home/hpc              68.9G   104.9G   209.7G        N/A     134K     500K   1,000K        N/A    
    /home/woody             7.3G  1000.0G  1500.0G        N/A      51K   5,000K   7,500K        N/A    
    /home/vault             0.0K  1048.6G  2097.2G        N/A       1      200K     400K        N/A    
======================
=== GPU utilization ==
gpu_name, gpu_bus_id, pid, gpu_utilization [%], mem_utilization [%], max_memory_usage [MiB], time [ms]
NVIDIA A100-SXM4-40GB, 00000000:01:00.0, 3214384, 75 %, 44 %, 20214 MiB, 32298787 ms
NVIDIA A100-SXM4-40GB, 00000000:01:00.0, 3236485, 24 %, 0 %, 556 MiB, 54071855 ms
